2023-05-17 12:34:58.755  INFO 12342 --- [main] com.shivam.todo.TodoManagerApplication   : Starting TodoManagerApplication using Java 19.0.2 on del1-lhp-n82357 with PID 12342 (/home/shivam.dwivedi/IdeaProjects/Master in Springboot with project by lcwd/todo-manager/target/classes started by shivam.dwivedi in /home/shivam.dwivedi/IdeaProjects/Master in Springboot with project by lcwd/todo-manager)
2023-05-17 12:34:58.760  INFO 12342 --- [main] com.shivam.todo.TodoManagerApplication   : No active profile set, falling back to 1 default profile: "default"
2023-05-17 12:34:59.172  INFO 12342 --- [main] .s.d.r.c.RepositoryConfigurationDelegate : Bootstrapping Spring Data JPA repositories in DEFAULT mode.
2023-05-17 12:34:59.211  INFO 12342 --- [main] .s.d.r.c.RepositoryConfigurationDelegate : Finished Spring Data repository scanning in 32 ms. Found 1 JPA repository interfaces.
2023-05-17 12:34:59.609  INFO 12342 --- [main] o.s.b.w.embedded.tomcat.TomcatWebServer  : Tomcat initialized with port(s): 7070 (http)
2023-05-17 12:34:59.615  INFO 12342 --- [main] o.apache.catalina.core.StandardService   : Starting service [Tomcat]
2023-05-17 12:34:59.616  INFO 12342 --- [main] org.apache.catalina.core.StandardEngine  : Starting Servlet engine: [Apache Tomcat/9.0.73]
2023-05-17 12:34:59.677  INFO 12342 --- [main] o.a.c.c.C.[Tomcat].[localhost].[/]       : Initializing Spring embedded WebApplicationContext
2023-05-17 12:34:59.677  INFO 12342 --- [main] w.s.c.ServletWebServerApplicationContext : Root WebApplicationContext: initialization completed in 866 ms
2023-05-17 12:34:59.771  INFO 12342 --- [main] com.zaxxer.hikari.HikariDataSource       : HikariPool-1 - Starting...
2023-05-17 12:34:59.905  INFO 12342 --- [main] com.zaxxer.hikari.HikariDataSource       : HikariPool-1 - Start completed.
2023-05-17 12:34:59.935  INFO 12342 --- [main] o.hibernate.jpa.internal.util.LogHelper  : HHH000204: Processing PersistenceUnitInfo [name: default]
2023-05-17 12:34:59.961  INFO 12342 --- [main] org.hibernate.Version                    : HHH000412: Hibernate ORM core version 5.6.15.Final
2023-05-17 12:35:00.066  INFO 12342 --- [main] o.hibernate.annotations.common.Version   : HCANN000001: Hibernate Commons Annotations {5.1.2.Final}
2023-05-17 12:35:00.147  INFO 12342 --- [main] org.hibernate.dialect.Dialect            : HHH000400: Using dialect: org.hibernate.dialect.PostgreSQL10Dialect
2023-05-17 12:35:00.427  INFO 12342 --- [main] o.h.e.t.j.p.i.JtaPlatformInitiator       : HHH000490: Using JtaPlatform implementation: [org.hibernate.engine.transaction.jta.platform.internal.NoJtaPlatform]
2023-05-17 12:35:00.432  INFO 12342 --- [main] j.LocalContainerEntityManagerFactoryBean : Initialized JPA EntityManagerFactory for persistence unit 'default'
2023-05-17 12:35:00.456  INFO 12342 --- [main] com.shivam.todo.Daos.TodoDao             : TODO Table is created 0
2023-05-17 12:35:00.666  WARN 12342 --- [main] JpaBaseConfiguration$JpaWebConfiguration : spring.jpa.open-in-view is enabled by default. Therefore, database queries may be performed during view rendering. Explicitly configure spring.jpa.open-in-view to disable this warning
2023-05-17 12:35:00.883  INFO 12342 --- [main] o.s.b.w.embedded.tomcat.TomcatWebServer  : Tomcat started on port(s): 7070 (http) with context path ''
2023-05-17 12:35:00.891  INFO 12342 --- [main] com.shivam.todo.TodoManagerApplication   : Started TodoManagerApplication in 2.494 seconds (JVM running for 2.824)
2023-05-17 12:36:12.521  INFO 12342 --- [http-nio-7070-exec-2] o.a.c.c.C.[Tomcat].[localhost].[/]       : Initializing Spring DispatcherServlet 'dispatcherServlet'
2023-05-17 12:36:12.522  INFO 12342 --- [http-nio-7070-exec-2] o.s.web.servlet.DispatcherServlet        : Initializing Servlet 'dispatcherServlet'
2023-05-17 12:36:12.522  INFO 12342 --- [http-nio-7070-exec-2] o.s.web.servlet.DispatcherServlet        : Completed initialization in 0 ms
2023-05-17 12:36:12.571  INFO 12342 --- [http-nio-7070-exec-2] c.s.todo.Controllers.ToDoController      : current date is: Wed May 17 12:36:12 IST 2023
2023-05-17 12:36:12.571  INFO 12342 --- [http-nio-7070-exec-2] c.s.todo.Controllers.ToDoController      : todo date is Wed May 17 05:30:00 IST 2023
2023-05-17 12:36:12.571  INFO 12342 --- [http-nio-7070-exec-2] c.s.todo.Controllers.ToDoController      : one todo is created
2023-05-17 12:40:27.513  INFO 12342 --- [http-nio-7070-exec-5] c.s.todo.Controllers.ToDoController      : current date is: Wed May 17 12:40:27 IST 2023
2023-05-17 12:40:27.514  INFO 12342 --- [http-nio-7070-exec-5] c.s.todo.Controllers.ToDoController      : todo date is Thu May 18 05:30:00 IST 2023
2023-05-17 12:40:27.514  INFO 12342 --- [http-nio-7070-exec-5] c.s.todo.Controllers.ToDoController      : one todo is created
2023-05-17 12:58:20.899  WARN 12342 --- [http-nio-7070-exec-8] o.h.engine.jdbc.spi.SqlExceptionHelper   : SQL Error: 0, SQLState: 22001
2023-05-17 12:58:20.900 ERROR 12342 --- [http-nio-7070-exec-8] o.h.engine.jdbc.spi.SqlExceptionHelper   : ERROR: value too long for type character varying(20)
2023-05-17 12:58:20.900  INFO 12342 --- [http-nio-7070-exec-8] o.h.e.j.b.internal.AbstractBatchImpl     : HHH000010: On release of batch it still contained JDBC statements
2023-05-17 12:58:20.906 ERROR 12342 --- [http-nio-7070-exec-8] o.a.c.c.C.[.[.[/].[dispatcherServlet]    : Servlet.service() for servlet [dispatcherServlet] in context with path [] threw exception [Request processing failed; nested exception is org.springframework.dao.DataIntegrityViolationException: could not execute statement; SQL [n/a]; nested exception is org.hibernate.exception.DataException: could not execute statement] with root cause

org.postgresql.util.PSQLException: ERROR: value too long for type character varying(20)
	at org.postgresql.core.v3.QueryExecutorImpl.receiveErrorResponse(QueryExecutorImpl.java:2675) ~[postgresql-42.3.8.jar:42.3.8]
	at org.postgresql.core.v3.QueryExecutorImpl.processResults(QueryExecutorImpl.java:2365) ~[postgresql-42.3.8.jar:42.3.8]
	at org.postgresql.core.v3.QueryExecutorImpl.execute(QueryExecutorImpl.java:355) ~[postgresql-42.3.8.jar:42.3.8]
	at org.postgresql.jdbc.PgStatement.executeInternal(PgStatement.java:490) ~[postgresql-42.3.8.jar:42.3.8]
	at org.postgresql.jdbc.PgStatement.execute(PgStatement.java:408) ~[postgresql-42.3.8.jar:42.3.8]
	at org.postgresql.jdbc.PgPreparedStatement.executeWithFlags(PgPreparedStatement.java:167) ~[postgresql-42.3.8.jar:42.3.8]
	at org.postgresql.jdbc.PgPreparedStatement.executeUpdate(PgPreparedStatement.java:135) ~[postgresql-42.3.8.jar:42.3.8]
	at com.zaxxer.hikari.pool.ProxyPreparedStatement.executeUpdate(ProxyPreparedStatement.java:61) ~[HikariCP-4.0.3.jar:na]
	at com.zaxxer.hikari.pool.HikariProxyPreparedStatement.executeUpdate(HikariProxyPreparedStatement.java) ~[HikariCP-4.0.3.jar:na]
	at org.hibernate.engine.jdbc.internal.ResultSetReturnImpl.executeUpdate(ResultSetReturnImpl.java:197) ~[hibernate-core-5.6.15.Final.jar:5.6.15.Final]
	at org.hibernate.engine.jdbc.batch.internal.NonBatchingBatch.addToBatch(NonBatchingBatch.java:46) ~[hibernate-core-5.6.15.Final.jar:5.6.15.Final]
	at org.hibernate.persister.entity.AbstractEntityPersister.update(AbstractEntityPersister.java:3571) ~[hibernate-core-5.6.15.Final.jar:5.6.15.Final]
	at org.hibernate.persister.entity.AbstractEntityPersister.updateOrInsert(AbstractEntityPersister.java:3438) ~[hibernate-core-5.6.15.Final.jar:5.6.15.Final]
	at org.hibernate.persister.entity.AbstractEntityPersister.update(AbstractEntityPersister.java:3870) ~[hibernate-core-5.6.15.Final.jar:5.6.15.Final]
	at org.hibernate.action.internal.EntityUpdateAction.execute(EntityUpdateAction.java:202) ~[hibernate-core-5.6.15.Final.jar:5.6.15.Final]
	at org.hibernate.engine.spi.ActionQueue.executeActions(ActionQueue.java:604) ~[hibernate-core-5.6.15.Final.jar:5.6.15.Final]
	at org.hibernate.engine.spi.ActionQueue.lambda$executeActions$1(ActionQueue.java:478) ~[hibernate-core-5.6.15.Final.jar:5.6.15.Final]
	at java.base/java.util.LinkedHashMap.forEach(LinkedHashMap.java:729) ~[na:na]
	at org.hibernate.engine.spi.ActionQueue.executeActions(ActionQueue.java:475) ~[hibernate-core-5.6.15.Final.jar:5.6.15.Final]
	at org.hibernate.event.internal.AbstractFlushingEventListener.performExecutions(AbstractFlushingEventListener.java:344) ~[hibernate-core-5.6.15.Final.jar:5.6.15.Final]
	at org.hibernate.event.internal.DefaultFlushEventListener.onFlush(DefaultFlushEventListener.java:40) ~[hibernate-core-5.6.15.Final.jar:5.6.15.Final]
	at org.hibernate.event.service.internal.EventListenerGroupImpl.fireEventOnEachListener(EventListenerGroupImpl.java:107) ~[hibernate-core-5.6.15.Final.jar:5.6.15.Final]
	at org.hibernate.internal.SessionImpl.doFlush(SessionImpl.java:1407) ~[hibernate-core-5.6.15.Final.jar:5.6.15.Final]
	at org.hibernate.internal.SessionImpl.managedFlush(SessionImpl.java:489) ~[hibernate-core-5.6.15.Final.jar:5.6.15.Final]
	at org.hibernate.internal.SessionImpl.flushBeforeTransactionCompletion(SessionImpl.java:3303) ~[hibernate-core-5.6.15.Final.jar:5.6.15.Final]
	at org.hibernate.internal.SessionImpl.beforeTransactionCompletion(SessionImpl.java:2438) ~[hibernate-core-5.6.15.Final.jar:5.6.15.Final]
	at org.hibernate.engine.jdbc.internal.JdbcCoordinatorImpl.beforeTransactionCompletion(JdbcCoordinatorImpl.java:449) ~[hibernate-core-5.6.15.Final.jar:5.6.15.Final]
	at org.hibernate.resource.transaction.backend.jdbc.internal.JdbcResourceLocalTransactionCoordinatorImpl.beforeCompletionCallback(JdbcResourceLocalTransactionCoordinatorImpl.java:183) ~[hibernate-core-5.6.15.Final.jar:5.6.15.Final]
	at org.hibernate.resource.transaction.backend.jdbc.internal.JdbcResourceLocalTransactionCoordinatorImpl.access$300(JdbcResourceLocalTransactionCoordinatorImpl.java:40) ~[hibernate-core-5.6.15.Final.jar:5.6.15.Final]
	at org.hibernate.resource.transaction.backend.jdbc.internal.JdbcResourceLocalTransactionCoordinatorImpl$TransactionDriverControlImpl.commit(JdbcResourceLocalTransactionCoordinatorImpl.java:281) ~[hibernate-core-5.6.15.Final.jar:5.6.15.Final]
	at org.hibernate.engine.transaction.internal.TransactionImpl.commit(TransactionImpl.java:101) ~[hibernate-core-5.6.15.Final.jar:5.6.15.Final]
	at org.springframework.orm.jpa.JpaTransactionManager.doCommit(JpaTransactionManager.java:562) ~[spring-orm-5.3.26.jar:5.3.26]
	at org.springframework.transaction.support.AbstractPlatformTransactionManager.processCommit(AbstractPlatformTransactionManager.java:743) ~[spring-tx-5.3.26.jar:5.3.26]
	at org.springframework.transaction.support.AbstractPlatformTransactionManager.commit(AbstractPlatformTransactionManager.java:711) ~[spring-tx-5.3.26.jar:5.3.26]
	at org.springframework.transaction.interceptor.TransactionAspectSupport.commitTransactionAfterReturning(TransactionAspectSupport.java:654) ~[spring-tx-5.3.26.jar:5.3.26]
	at org.springframework.transaction.interceptor.TransactionAspectSupport.invokeWithinTransaction(TransactionAspectSupport.java:407) ~[spring-tx-5.3.26.jar:5.3.26]
	at org.springframework.transaction.interceptor.TransactionInterceptor.invoke(TransactionInterceptor.java:119) ~[spring-tx-5.3.26.jar:5.3.26]
	at org.springframework.aop.framework.ReflectiveMethodInvocation.proceed(ReflectiveMethodInvocation.java:186) ~[spring-aop-5.3.26.jar:5.3.26]
	at org.springframework.dao.support.PersistenceExceptionTranslationInterceptor.invoke(PersistenceExceptionTranslationInterceptor.java:137) ~[spring-tx-5.3.26.jar:5.3.26]
	at org.springframework.aop.framework.ReflectiveMethodInvocation.proceed(ReflectiveMethodInvocation.java:186) ~[spring-aop-5.3.26.jar:5.3.26]
	at org.springframework.data.jpa.repository.support.CrudMethodMetadataPostProcessor$CrudMethodMetadataPopulatingMethodInterceptor.invoke(CrudMethodMetadataPostProcessor.java:174) ~[spring-data-jpa-2.7.10.jar:2.7.10]
	at org.springframework.aop.framework.ReflectiveMethodInvocation.proceed(ReflectiveMethodInvocation.java:186) ~[spring-aop-5.3.26.jar:5.3.26]
	at org.springframework.aop.interceptor.ExposeInvocationInterceptor.invoke(ExposeInvocationInterceptor.java:97) ~[spring-aop-5.3.26.jar:5.3.26]
	at org.springframework.aop.framework.ReflectiveMethodInvocation.proceed(ReflectiveMethodInvocation.java:186) ~[spring-aop-5.3.26.jar:5.3.26]
	at org.springframework.aop.framework.JdkDynamicAopProxy.invoke(JdkDynamicAopProxy.java:215) ~[spring-aop-5.3.26.jar:5.3.26]
	at jdk.proxy2/jdk.proxy2.$Proxy104.save(Unknown Source) ~[na:na]
	at com.shivam.todo.Services.Implementation.TodoJPAimpl.updateTodo(TodoJPAimpl.java:44) ~[classes/:na]
	at com.shivam.todo.Controllers.ToDoController.updateTodoHandler(ToDoController.java:79) ~[classes/:na]
	at java.base/jdk.internal.reflect.DirectMethodHandleAccessor.invoke(DirectMethodHandleAccessor.java:104) ~[na:na]
	at java.base/java.lang.reflect.Method.invoke(Method.java:578) ~[na:na]
	at org.springframework.web.method.support.InvocableHandlerMethod.doInvoke(InvocableHandlerMethod.java:205) ~[spring-web-5.3.26.jar:5.3.26]
	at org.springframework.web.method.support.InvocableHandlerMethod.invokeForRequest(InvocableHandlerMethod.java:150) ~[spring-web-5.3.26.jar:5.3.26]
	at org.springframework.web.servlet.mvc.method.annotation.ServletInvocableHandlerMethod.invokeAndHandle(ServletInvocableHandlerMethod.java:117) ~[spring-webmvc-5.3.26.jar:5.3.26]
	at org.springframework.web.servlet.mvc.method.annotation.RequestMappingHandlerAdapter.invokeHandlerMethod(RequestMappingHandlerAdapter.java:895) ~[spring-webmvc-5.3.26.jar:5.3.26]
	at org.springframework.web.servlet.mvc.method.annotation.RequestMappingHandlerAdapter.handleInternal(RequestMappingHandlerAdapter.java:808) ~[spring-webmvc-5.3.26.jar:5.3.26]
	at org.springframework.web.servlet.mvc.method.AbstractHandlerMethodAdapter.handle(AbstractHandlerMethodAdapter.java:87) ~[spring-webmvc-5.3.26.jar:5.3.26]
	at org.springframework.web.servlet.DispatcherServlet.doDispatch(DispatcherServlet.java:1072) ~[spring-webmvc-5.3.26.jar:5.3.26]
	at org.springframework.web.servlet.DispatcherServlet.doService(DispatcherServlet.java:965) ~[spring-webmvc-5.3.26.jar:5.3.26]
	at org.springframework.web.servlet.FrameworkServlet.processRequest(FrameworkServlet.java:1006) ~[spring-webmvc-5.3.26.jar:5.3.26]
	at org.springframework.web.servlet.FrameworkServlet.doPut(FrameworkServlet.java:920) ~[spring-webmvc-5.3.26.jar:5.3.26]
	at javax.servlet.http.HttpServlet.service(HttpServlet.java:531) ~[tomcat-embed-core-9.0.73.jar:4.0.FR]
	at org.springframework.web.servlet.FrameworkServlet.service(FrameworkServlet.java:883) ~[spring-webmvc-5.3.26.jar:5.3.26]
	at javax.servlet.http.HttpServlet.service(HttpServlet.java:596) ~[tomcat-embed-core-9.0.73.jar:4.0.FR]
	at org.apache.catalina.core.ApplicationFilterChain.internalDoFilter(ApplicationFilterChain.java:209) ~[tomcat-embed-core-9.0.73.jar:9.0.73]
	at org.apache.catalina.core.ApplicationFilterChain.doFilter(ApplicationFilterChain.java:153) ~[tomcat-embed-core-9.0.73.jar:9.0.73]
	at org.apache.tomcat.websocket.server.WsFilter.doFilter(WsFilter.java:53) ~[tomcat-embed-websocket-9.0.73.jar:9.0.73]
	at org.apache.catalina.core.ApplicationFilterChain.internalDoFilter(ApplicationFilterChain.java:178) ~[tomcat-embed-core-9.0.73.jar:9.0.73]
	at org.apache.catalina.core.ApplicationFilterChain.doFilter(ApplicationFilterChain.java:153) ~[tomcat-embed-core-9.0.73.jar:9.0.73]
	at org.springframework.web.filter.RequestContextFilter.doFilterInternal(RequestContextFilter.java:100) ~[spring-web-5.3.26.jar:5.3.26]
	at org.springframework.web.filter.OncePerRequestFilter.doFilter(OncePerRequestFilter.java:117) ~[spring-web-5.3.26.jar:5.3.26]
	at org.apache.catalina.core.ApplicationFilterChain.internalDoFilter(ApplicationFilterChain.java:178) ~[tomcat-embed-core-9.0.73.jar:9.0.73]
	at org.apache.catalina.core.ApplicationFilterChain.doFilter(ApplicationFilterChain.java:153) ~[tomcat-embed-core-9.0.73.jar:9.0.73]
	at org.springframework.web.filter.FormContentFilter.doFilterInternal(FormContentFilter.java:93) ~[spring-web-5.3.26.jar:5.3.26]
	at org.springframework.web.filter.OncePerRequestFilter.doFilter(OncePerRequestFilter.java:117) ~[spring-web-5.3.26.jar:5.3.26]
	at org.apache.catalina.core.ApplicationFilterChain.internalDoFilter(ApplicationFilterChain.java:178) ~[tomcat-embed-core-9.0.73.jar:9.0.73]
	at org.apache.catalina.core.ApplicationFilterChain.doFilter(ApplicationFilterChain.java:153) ~[tomcat-embed-core-9.0.73.jar:9.0.73]
	at org.springframework.web.filter.CharacterEncodingFilter.doFilterInternal(CharacterEncodingFilter.java:201) ~[spring-web-5.3.26.jar:5.3.26]
	at org.springframework.web.filter.OncePerRequestFilter.doFilter(OncePerRequestFilter.java:117) ~[spring-web-5.3.26.jar:5.3.26]
	at org.apache.catalina.core.ApplicationFilterChain.internalDoFilter(ApplicationFilterChain.java:178) ~[tomcat-embed-core-9.0.73.jar:9.0.73]
	at org.apache.catalina.core.ApplicationFilterChain.doFilter(ApplicationFilterChain.java:153) ~[tomcat-embed-core-9.0.73.jar:9.0.73]
	at org.apache.catalina.core.StandardWrapperValve.invoke(StandardWrapperValve.java:167) ~[tomcat-embed-core-9.0.73.jar:9.0.73]
	at org.apache.catalina.core.StandardContextValve.invoke(StandardContextValve.java:90) ~[tomcat-embed-core-9.0.73.jar:9.0.73]
	at org.apache.catalina.authenticator.AuthenticatorBase.invoke(AuthenticatorBase.java:492) ~[tomcat-embed-core-9.0.73.jar:9.0.73]
	at org.apache.catalina.core.StandardHostValve.invoke(StandardHostValve.java:130) ~[tomcat-embed-core-9.0.73.jar:9.0.73]
	at org.apache.catalina.valves.ErrorReportValve.invoke(ErrorReportValve.java:93) ~[tomcat-embed-core-9.0.73.jar:9.0.73]
	at org.apache.catalina.core.StandardEngineValve.invoke(StandardEngineValve.java:74) ~[tomcat-embed-core-9.0.73.jar:9.0.73]
	at org.apache.catalina.connector.CoyoteAdapter.service(CoyoteAdapter.java:343) ~[tomcat-embed-core-9.0.73.jar:9.0.73]
	at org.apache.coyote.http11.Http11Processor.service(Http11Processor.java:389) ~[tomcat-embed-core-9.0.73.jar:9.0.73]
	at org.apache.coyote.AbstractProcessorLight.process(AbstractProcessorLight.java:63) ~[tomcat-embed-core-9.0.73.jar:9.0.73]
	at org.apache.coyote.AbstractProtocol$ConnectionHandler.process(AbstractProtocol.java:926) ~[tomcat-embed-core-9.0.73.jar:9.0.73]
	at org.apache.tomcat.util.net.NioEndpoint$SocketProcessor.doRun(NioEndpoint.java:1791) ~[tomcat-embed-core-9.0.73.jar:9.0.73]
	at org.apache.tomcat.util.net.SocketProcessorBase.run(SocketProcessorBase.java:49) ~[tomcat-embed-core-9.0.73.jar:9.0.73]
	at org.apache.tomcat.util.threads.ThreadPoolExecutor.runWorker(ThreadPoolExecutor.java:1191) ~[tomcat-embed-core-9.0.73.jar:9.0.73]
	at org.apache.tomcat.util.threads.ThreadPoolExecutor$Worker.run(ThreadPoolExecutor.java:659) ~[tomcat-embed-core-9.0.73.jar:9.0.73]
	at org.apache.tomcat.util.threads.TaskThread$WrappingRunnable.run(TaskThread.java:61) ~[tomcat-embed-core-9.0.73.jar:9.0.73]
	at java.base/java.lang.Thread.run(Thread.java:1589) ~[na:na]

2023-05-17 13:00:50.659  INFO 12342 --- [SpringApplicationShutdownHook] j.LocalContainerEntityManagerFactoryBean : Closing JPA EntityManagerFactory for persistence unit 'default'
2023-05-17 13:00:50.661  INFO 12342 --- [SpringApplicationShutdownHook] com.zaxxer.hikari.HikariDataSource       : HikariPool-1 - Shutdown initiated...
2023-05-17 13:00:50.669  INFO 12342 --- [SpringApplicationShutdownHook] com.zaxxer.hikari.HikariDataSource       : HikariPool-1 - Shutdown completed.
2023-05-17 13:00:53.237  INFO 13065 --- [main] com.shivam.todo.TodoManagerApplication   : Starting TodoManagerApplication using Java 19.0.2 on del1-lhp-n82357 with PID 13065 (/home/shivam.dwivedi/IdeaProjects/Master in Springboot with project by lcwd/todo-manager/target/classes started by shivam.dwivedi in /home/shivam.dwivedi/IdeaProjects/Master in Springboot with project by lcwd/todo-manager)
2023-05-17 13:00:53.240  INFO 13065 --- [main] com.shivam.todo.TodoManagerApplication   : No active profile set, falling back to 1 default profile: "default"
2023-05-17 13:00:53.742  INFO 13065 --- [main] .s.d.r.c.RepositoryConfigurationDelegate : Bootstrapping Spring Data JPA repositories in DEFAULT mode.
2023-05-17 13:00:53.785  INFO 13065 --- [main] .s.d.r.c.RepositoryConfigurationDelegate : Finished Spring Data repository scanning in 35 ms. Found 1 JPA repository interfaces.
2023-05-17 13:00:54.221  INFO 13065 --- [main] o.s.b.w.embedded.tomcat.TomcatWebServer  : Tomcat initialized with port(s): 7070 (http)
2023-05-17 13:00:54.229  INFO 13065 --- [main] o.apache.catalina.core.StandardService   : Starting service [Tomcat]
2023-05-17 13:00:54.229  INFO 13065 --- [main] org.apache.catalina.core.StandardEngine  : Starting Servlet engine: [Apache Tomcat/9.0.73]
2023-05-17 13:00:54.298  INFO 13065 --- [main] o.a.c.c.C.[Tomcat].[localhost].[/]       : Initializing Spring embedded WebApplicationContext
2023-05-17 13:00:54.298  INFO 13065 --- [main] w.s.c.ServletWebServerApplicationContext : Root WebApplicationContext: initialization completed in 1006 ms
2023-05-17 13:00:54.388  INFO 13065 --- [main] com.zaxxer.hikari.HikariDataSource       : HikariPool-1 - Starting...
2023-05-17 13:00:54.520  INFO 13065 --- [main] com.zaxxer.hikari.HikariDataSource       : HikariPool-1 - Start completed.
2023-05-17 13:00:54.553  INFO 13065 --- [main] o.hibernate.jpa.internal.util.LogHelper  : HHH000204: Processing PersistenceUnitInfo [name: default]
2023-05-17 13:00:54.573  INFO 13065 --- [main] org.hibernate.Version                    : HHH000412: Hibernate ORM core version 5.6.15.Final
2023-05-17 13:00:54.696  INFO 13065 --- [main] o.hibernate.annotations.common.Version   : HCANN000001: Hibernate Commons Annotations {5.1.2.Final}
2023-05-17 13:00:54.785  INFO 13065 --- [main] org.hibernate.dialect.Dialect            : HHH000400: Using dialect: org.hibernate.dialect.PostgreSQL10Dialect
2023-05-17 13:00:55.059  INFO 13065 --- [main] o.h.e.t.j.p.i.JtaPlatformInitiator       : HHH000490: Using JtaPlatform implementation: [org.hibernate.engine.transaction.jta.platform.internal.NoJtaPlatform]
2023-05-17 13:00:55.064  INFO 13065 --- [main] j.LocalContainerEntityManagerFactoryBean : Initialized JPA EntityManagerFactory for persistence unit 'default'
2023-05-17 13:00:55.092  INFO 13065 --- [main] com.shivam.todo.Daos.TodoDao             : TODO Table is created 0
2023-05-17 13:00:55.315  WARN 13065 --- [main] JpaBaseConfiguration$JpaWebConfiguration : spring.jpa.open-in-view is enabled by default. Therefore, database queries may be performed during view rendering. Explicitly configure spring.jpa.open-in-view to disable this warning
2023-05-17 13:00:55.510  INFO 13065 --- [main] o.s.b.w.embedded.tomcat.TomcatWebServer  : Tomcat started on port(s): 7070 (http) with context path ''
2023-05-17 13:00:55.517  INFO 13065 --- [main] com.shivam.todo.TodoManagerApplication   : Started TodoManagerApplication in 2.659 seconds (JVM running for 2.977)
2023-05-17 13:01:02.208  INFO 13065 --- [http-nio-7070-exec-1] o.a.c.c.C.[Tomcat].[localhost].[/]       : Initializing Spring DispatcherServlet 'dispatcherServlet'
2023-05-17 13:01:02.208  INFO 13065 --- [http-nio-7070-exec-1] o.s.web.servlet.DispatcherServlet        : Initializing Servlet 'dispatcherServlet'
2023-05-17 13:01:02.209  INFO 13065 --- [http-nio-7070-exec-1] o.s.web.servlet.DispatcherServlet        : Completed initialization in 1 ms
2023-05-17 13:01:02.256  INFO 13065 --- [http-nio-7070-exec-1] c.s.todo.Controllers.ToDoController      : current date is: Wed May 17 13:01:02 IST 2023
2023-05-17 13:01:02.256  INFO 13065 --- [http-nio-7070-exec-1] c.s.todo.Controllers.ToDoController      : todo date is Thu May 18 05:30:00 IST 2023
2023-05-17 13:01:02.256  INFO 13065 --- [http-nio-7070-exec-1] c.s.todo.Controllers.ToDoController      : one todo is created
2023-05-17 13:01:16.037  WARN 13065 --- [http-nio-7070-exec-3] o.h.engine.jdbc.spi.SqlExceptionHelper   : SQL Error: 0, SQLState: 22001
2023-05-17 13:01:16.037 ERROR 13065 --- [http-nio-7070-exec-3] o.h.engine.jdbc.spi.SqlExceptionHelper   : ERROR: value too long for type character varying(20)
2023-05-17 13:01:16.038  INFO 13065 --- [http-nio-7070-exec-3] o.h.e.j.b.internal.AbstractBatchImpl     : HHH000010: On release of batch it still contained JDBC statements
2023-05-17 13:01:16.044 ERROR 13065 --- [http-nio-7070-exec-3] o.a.c.c.C.[.[.[/].[dispatcherServlet]    : Servlet.service() for servlet [dispatcherServlet] in context with path [] threw exception [Request processing failed; nested exception is org.springframework.dao.DataIntegrityViolationException: could not execute statement; SQL [n/a]; nested exception is org.hibernate.exception.DataException: could not execute statement] with root cause

org.postgresql.util.PSQLException: ERROR: value too long for type character varying(20)
	at org.postgresql.core.v3.QueryExecutorImpl.receiveErrorResponse(QueryExecutorImpl.java:2675) ~[postgresql-42.3.8.jar:42.3.8]
	at org.postgresql.core.v3.QueryExecutorImpl.processResults(QueryExecutorImpl.java:2365) ~[postgresql-42.3.8.jar:42.3.8]
	at org.postgresql.core.v3.QueryExecutorImpl.execute(QueryExecutorImpl.java:355) ~[postgresql-42.3.8.jar:42.3.8]
	at org.postgresql.jdbc.PgStatement.executeInternal(PgStatement.java:490) ~[postgresql-42.3.8.jar:42.3.8]
	at org.postgresql.jdbc.PgStatement.execute(PgStatement.java:408) ~[postgresql-42.3.8.jar:42.3.8]
	at org.postgresql.jdbc.PgPreparedStatement.executeWithFlags(PgPreparedStatement.java:167) ~[postgresql-42.3.8.jar:42.3.8]
	at org.postgresql.jdbc.PgPreparedStatement.executeUpdate(PgPreparedStatement.java:135) ~[postgresql-42.3.8.jar:42.3.8]
	at com.zaxxer.hikari.pool.ProxyPreparedStatement.executeUpdate(ProxyPreparedStatement.java:61) ~[HikariCP-4.0.3.jar:na]
	at com.zaxxer.hikari.pool.HikariProxyPreparedStatement.executeUpdate(HikariProxyPreparedStatement.java) ~[HikariCP-4.0.3.jar:na]
	at org.hibernate.engine.jdbc.internal.ResultSetReturnImpl.executeUpdate(ResultSetReturnImpl.java:197) ~[hibernate-core-5.6.15.Final.jar:5.6.15.Final]
	at org.hibernate.engine.jdbc.batch.internal.NonBatchingBatch.addToBatch(NonBatchingBatch.java:46) ~[hibernate-core-5.6.15.Final.jar:5.6.15.Final]
	at org.hibernate.persister.entity.AbstractEntityPersister.update(AbstractEntityPersister.java:3571) ~[hibernate-core-5.6.15.Final.jar:5.6.15.Final]
	at org.hibernate.persister.entity.AbstractEntityPersister.updateOrInsert(AbstractEntityPersister.java:3438) ~[hibernate-core-5.6.15.Final.jar:5.6.15.Final]
	at org.hibernate.persister.entity.AbstractEntityPersister.update(AbstractEntityPersister.java:3870) ~[hibernate-core-5.6.15.Final.jar:5.6.15.Final]
	at org.hibernate.action.internal.EntityUpdateAction.execute(EntityUpdateAction.java:202) ~[hibernate-core-5.6.15.Final.jar:5.6.15.Final]
	at org.hibernate.engine.spi.ActionQueue.executeActions(ActionQueue.java:604) ~[hibernate-core-5.6.15.Final.jar:5.6.15.Final]
	at org.hibernate.engine.spi.ActionQueue.lambda$executeActions$1(ActionQueue.java:478) ~[hibernate-core-5.6.15.Final.jar:5.6.15.Final]
	at java.base/java.util.LinkedHashMap.forEach(LinkedHashMap.java:729) ~[na:na]
	at org.hibernate.engine.spi.ActionQueue.executeActions(ActionQueue.java:475) ~[hibernate-core-5.6.15.Final.jar:5.6.15.Final]
	at org.hibernate.event.internal.AbstractFlushingEventListener.performExecutions(AbstractFlushingEventListener.java:344) ~[hibernate-core-5.6.15.Final.jar:5.6.15.Final]
	at org.hibernate.event.internal.DefaultFlushEventListener.onFlush(DefaultFlushEventListener.java:40) ~[hibernate-core-5.6.15.Final.jar:5.6.15.Final]
	at org.hibernate.event.service.internal.EventListenerGroupImpl.fireEventOnEachListener(EventListenerGroupImpl.java:107) ~[hibernate-core-5.6.15.Final.jar:5.6.15.Final]
	at org.hibernate.internal.SessionImpl.doFlush(SessionImpl.java:1407) ~[hibernate-core-5.6.15.Final.jar:5.6.15.Final]
	at org.hibernate.internal.SessionImpl.managedFlush(SessionImpl.java:489) ~[hibernate-core-5.6.15.Final.jar:5.6.15.Final]
	at org.hibernate.internal.SessionImpl.flushBeforeTransactionCompletion(SessionImpl.java:3303) ~[hibernate-core-5.6.15.Final.jar:5.6.15.Final]
	at org.hibernate.internal.SessionImpl.beforeTransactionCompletion(SessionImpl.java:2438) ~[hibernate-core-5.6.15.Final.jar:5.6.15.Final]
	at org.hibernate.engine.jdbc.internal.JdbcCoordinatorImpl.beforeTransactionCompletion(JdbcCoordinatorImpl.java:449) ~[hibernate-core-5.6.15.Final.jar:5.6.15.Final]
	at org.hibernate.resource.transaction.backend.jdbc.internal.JdbcResourceLocalTransactionCoordinatorImpl.beforeCompletionCallback(JdbcResourceLocalTransactionCoordinatorImpl.java:183) ~[hibernate-core-5.6.15.Final.jar:5.6.15.Final]
	at org.hibernate.resource.transaction.backend.jdbc.internal.JdbcResourceLocalTransactionCoordinatorImpl.access$300(JdbcResourceLocalTransactionCoordinatorImpl.java:40) ~[hibernate-core-5.6.15.Final.jar:5.6.15.Final]
	at org.hibernate.resource.transaction.backend.jdbc.internal.JdbcResourceLocalTransactionCoordinatorImpl$TransactionDriverControlImpl.commit(JdbcResourceLocalTransactionCoordinatorImpl.java:281) ~[hibernate-core-5.6.15.Final.jar:5.6.15.Final]
	at org.hibernate.engine.transaction.internal.TransactionImpl.commit(TransactionImpl.java:101) ~[hibernate-core-5.6.15.Final.jar:5.6.15.Final]
	at org.springframework.orm.jpa.JpaTransactionManager.doCommit(JpaTransactionManager.java:562) ~[spring-orm-5.3.26.jar:5.3.26]
	at org.springframework.transaction.support.AbstractPlatformTransactionManager.processCommit(AbstractPlatformTransactionManager.java:743) ~[spring-tx-5.3.26.jar:5.3.26]
	at org.springframework.transaction.support.AbstractPlatformTransactionManager.commit(AbstractPlatformTransactionManager.java:711) ~[spring-tx-5.3.26.jar:5.3.26]
	at org.springframework.transaction.interceptor.TransactionAspectSupport.commitTransactionAfterReturning(TransactionAspectSupport.java:654) ~[spring-tx-5.3.26.jar:5.3.26]
	at org.springframework.transaction.interceptor.TransactionAspectSupport.invokeWithinTransaction(TransactionAspectSupport.java:407) ~[spring-tx-5.3.26.jar:5.3.26]
	at org.springframework.transaction.interceptor.TransactionInterceptor.invoke(TransactionInterceptor.java:119) ~[spring-tx-5.3.26.jar:5.3.26]
	at org.springframework.aop.framework.ReflectiveMethodInvocation.proceed(ReflectiveMethodInvocation.java:186) ~[spring-aop-5.3.26.jar:5.3.26]
	at org.springframework.dao.support.PersistenceExceptionTranslationInterceptor.invoke(PersistenceExceptionTranslationInterceptor.java:137) ~[spring-tx-5.3.26.jar:5.3.26]
	at org.springframework.aop.framework.ReflectiveMethodInvocation.proceed(ReflectiveMethodInvocation.java:186) ~[spring-aop-5.3.26.jar:5.3.26]
	at org.springframework.data.jpa.repository.support.CrudMethodMetadataPostProcessor$CrudMethodMetadataPopulatingMethodInterceptor.invoke(CrudMethodMetadataPostProcessor.java:174) ~[spring-data-jpa-2.7.10.jar:2.7.10]
	at org.springframework.aop.framework.ReflectiveMethodInvocation.proceed(ReflectiveMethodInvocation.java:186) ~[spring-aop-5.3.26.jar:5.3.26]
	at org.springframework.aop.interceptor.ExposeInvocationInterceptor.invoke(ExposeInvocationInterceptor.java:97) ~[spring-aop-5.3.26.jar:5.3.26]
	at org.springframework.aop.framework.ReflectiveMethodInvocation.proceed(ReflectiveMethodInvocation.java:186) ~[spring-aop-5.3.26.jar:5.3.26]
	at org.springframework.aop.framework.JdkDynamicAopProxy.invoke(JdkDynamicAopProxy.java:215) ~[spring-aop-5.3.26.jar:5.3.26]
	at jdk.proxy2/jdk.proxy2.$Proxy104.save(Unknown Source) ~[na:na]
	at com.shivam.todo.Services.Implementation.TodoJPAimpl.updateTodo(TodoJPAimpl.java:44) ~[classes/:na]
	at com.shivam.todo.Controllers.ToDoController.updateTodoHandler(ToDoController.java:79) ~[classes/:na]
	at java.base/jdk.internal.reflect.DirectMethodHandleAccessor.invoke(DirectMethodHandleAccessor.java:104) ~[na:na]
	at java.base/java.lang.reflect.Method.invoke(Method.java:578) ~[na:na]
	at org.springframework.web.method.support.InvocableHandlerMethod.doInvoke(InvocableHandlerMethod.java:205) ~[spring-web-5.3.26.jar:5.3.26]
	at org.springframework.web.method.support.InvocableHandlerMethod.invokeForRequest(InvocableHandlerMethod.java:150) ~[spring-web-5.3.26.jar:5.3.26]
	at org.springframework.web.servlet.mvc.method.annotation.ServletInvocableHandlerMethod.invokeAndHandle(ServletInvocableHandlerMethod.java:117) ~[spring-webmvc-5.3.26.jar:5.3.26]
	at org.springframework.web.servlet.mvc.method.annotation.RequestMappingHandlerAdapter.invokeHandlerMethod(RequestMappingHandlerAdapter.java:895) ~[spring-webmvc-5.3.26.jar:5.3.26]
	at org.springframework.web.servlet.mvc.method.annotation.RequestMappingHandlerAdapter.handleInternal(RequestMappingHandlerAdapter.java:808) ~[spring-webmvc-5.3.26.jar:5.3.26]
	at org.springframework.web.servlet.mvc.method.AbstractHandlerMethodAdapter.handle(AbstractHandlerMethodAdapter.java:87) ~[spring-webmvc-5.3.26.jar:5.3.26]
	at org.springframework.web.servlet.DispatcherServlet.doDispatch(DispatcherServlet.java:1072) ~[spring-webmvc-5.3.26.jar:5.3.26]
	at org.springframework.web.servlet.DispatcherServlet.doService(DispatcherServlet.java:965) ~[spring-webmvc-5.3.26.jar:5.3.26]
	at org.springframework.web.servlet.FrameworkServlet.processRequest(FrameworkServlet.java:1006) ~[spring-webmvc-5.3.26.jar:5.3.26]
	at org.springframework.web.servlet.FrameworkServlet.doPut(FrameworkServlet.java:920) ~[spring-webmvc-5.3.26.jar:5.3.26]
	at javax.servlet.http.HttpServlet.service(HttpServlet.java:531) ~[tomcat-embed-core-9.0.73.jar:4.0.FR]
	at org.springframework.web.servlet.FrameworkServlet.service(FrameworkServlet.java:883) ~[spring-webmvc-5.3.26.jar:5.3.26]
	at javax.servlet.http.HttpServlet.service(HttpServlet.java:596) ~[tomcat-embed-core-9.0.73.jar:4.0.FR]
	at org.apache.catalina.core.ApplicationFilterChain.internalDoFilter(ApplicationFilterChain.java:209) ~[tomcat-embed-core-9.0.73.jar:9.0.73]
	at org.apache.catalina.core.ApplicationFilterChain.doFilter(ApplicationFilterChain.java:153) ~[tomcat-embed-core-9.0.73.jar:9.0.73]
	at org.apache.tomcat.websocket.server.WsFilter.doFilter(WsFilter.java:53) ~[tomcat-embed-websocket-9.0.73.jar:9.0.73]
	at org.apache.catalina.core.ApplicationFilterChain.internalDoFilter(ApplicationFilterChain.java:178) ~[tomcat-embed-core-9.0.73.jar:9.0.73]
	at org.apache.catalina.core.ApplicationFilterChain.doFilter(ApplicationFilterChain.java:153) ~[tomcat-embed-core-9.0.73.jar:9.0.73]
	at org.springframework.web.filter.RequestContextFilter.doFilterInternal(RequestContextFilter.java:100) ~[spring-web-5.3.26.jar:5.3.26]
	at org.springframework.web.filter.OncePerRequestFilter.doFilter(OncePerRequestFilter.java:117) ~[spring-web-5.3.26.jar:5.3.26]
	at org.apache.catalina.core.ApplicationFilterChain.internalDoFilter(ApplicationFilterChain.java:178) ~[tomcat-embed-core-9.0.73.jar:9.0.73]
	at org.apache.catalina.core.ApplicationFilterChain.doFilter(ApplicationFilterChain.java:153) ~[tomcat-embed-core-9.0.73.jar:9.0.73]
	at org.springframework.web.filter.FormContentFilter.doFilterInternal(FormContentFilter.java:93) ~[spring-web-5.3.26.jar:5.3.26]
	at org.springframework.web.filter.OncePerRequestFilter.doFilter(OncePerRequestFilter.java:117) ~[spring-web-5.3.26.jar:5.3.26]
	at org.apache.catalina.core.ApplicationFilterChain.internalDoFilter(ApplicationFilterChain.java:178) ~[tomcat-embed-core-9.0.73.jar:9.0.73]
	at org.apache.catalina.core.ApplicationFilterChain.doFilter(ApplicationFilterChain.java:153) ~[tomcat-embed-core-9.0.73.jar:9.0.73]
	at org.springframework.web.filter.CharacterEncodingFilter.doFilterInternal(CharacterEncodingFilter.java:201) ~[spring-web-5.3.26.jar:5.3.26]
	at org.springframework.web.filter.OncePerRequestFilter.doFilter(OncePerRequestFilter.java:117) ~[spring-web-5.3.26.jar:5.3.26]
	at org.apache.catalina.core.ApplicationFilterChain.internalDoFilter(ApplicationFilterChain.java:178) ~[tomcat-embed-core-9.0.73.jar:9.0.73]
	at org.apache.catalina.core.ApplicationFilterChain.doFilter(ApplicationFilterChain.java:153) ~[tomcat-embed-core-9.0.73.jar:9.0.73]
	at org.apache.catalina.core.StandardWrapperValve.invoke(StandardWrapperValve.java:167) ~[tomcat-embed-core-9.0.73.jar:9.0.73]
	at org.apache.catalina.core.StandardContextValve.invoke(StandardContextValve.java:90) ~[tomcat-embed-core-9.0.73.jar:9.0.73]
	at org.apache.catalina.authenticator.AuthenticatorBase.invoke(AuthenticatorBase.java:492) ~[tomcat-embed-core-9.0.73.jar:9.0.73]
	at org.apache.catalina.core.StandardHostValve.invoke(StandardHostValve.java:130) ~[tomcat-embed-core-9.0.73.jar:9.0.73]
	at org.apache.catalina.valves.ErrorReportValve.invoke(ErrorReportValve.java:93) ~[tomcat-embed-core-9.0.73.jar:9.0.73]
	at org.apache.catalina.core.StandardEngineValve.invoke(StandardEngineValve.java:74) ~[tomcat-embed-core-9.0.73.jar:9.0.73]
	at org.apache.catalina.connector.CoyoteAdapter.service(CoyoteAdapter.java:343) ~[tomcat-embed-core-9.0.73.jar:9.0.73]
	at org.apache.coyote.http11.Http11Processor.service(Http11Processor.java:389) ~[tomcat-embed-core-9.0.73.jar:9.0.73]
	at org.apache.coyote.AbstractProcessorLight.process(AbstractProcessorLight.java:63) ~[tomcat-embed-core-9.0.73.jar:9.0.73]
	at org.apache.coyote.AbstractProtocol$ConnectionHandler.process(AbstractProtocol.java:926) ~[tomcat-embed-core-9.0.73.jar:9.0.73]
	at org.apache.tomcat.util.net.NioEndpoint$SocketProcessor.doRun(NioEndpoint.java:1791) ~[tomcat-embed-core-9.0.73.jar:9.0.73]
	at org.apache.tomcat.util.net.SocketProcessorBase.run(SocketProcessorBase.java:49) ~[tomcat-embed-core-9.0.73.jar:9.0.73]
	at org.apache.tomcat.util.threads.ThreadPoolExecutor.runWorker(ThreadPoolExecutor.java:1191) ~[tomcat-embed-core-9.0.73.jar:9.0.73]
	at org.apache.tomcat.util.threads.ThreadPoolExecutor$Worker.run(ThreadPoolExecutor.java:659) ~[tomcat-embed-core-9.0.73.jar:9.0.73]
	at org.apache.tomcat.util.threads.TaskThread$WrappingRunnable.run(TaskThread.java:61) ~[tomcat-embed-core-9.0.73.jar:9.0.73]
	at java.base/java.lang.Thread.run(Thread.java:1589) ~[na:na]

2023-05-17 13:10:54.489  INFO 13065 --- [http-nio-7070-exec-1] c.s.todo.Controllers.ToDoController      : current date is: Wed May 17 13:10:54 IST 2023
2023-05-17 13:10:54.489  INFO 13065 --- [http-nio-7070-exec-1] c.s.todo.Controllers.ToDoController      : todo date is Wed May 17 05:30:00 IST 2023
2023-05-17 13:10:54.489  INFO 13065 --- [http-nio-7070-exec-1] c.s.todo.Controllers.ToDoController      : one todo is created
2023-05-17 13:21:32.574  INFO 13065 --- [SpringApplicationShutdownHook] j.LocalContainerEntityManagerFactoryBean : Closing JPA EntityManagerFactory for persistence unit 'default'
2023-05-17 13:21:32.576  INFO 13065 --- [SpringApplicationShutdownHook] com.zaxxer.hikari.HikariDataSource       : HikariPool-1 - Shutdown initiated...
2023-05-17 13:21:32.582  INFO 13065 --- [SpringApplicationShutdownHook] com.zaxxer.hikari.HikariDataSource       : HikariPool-1 - Shutdown completed.
2023-05-17 13:21:34.603  INFO 13634 --- [main] com.shivam.todo.TodoManagerApplication   : Starting TodoManagerApplication using Java 19.0.2 on del1-lhp-n82357 with PID 13634 (/home/shivam.dwivedi/IdeaProjects/Master in Springboot with project by lcwd/todo-manager/target/classes started by shivam.dwivedi in /home/shivam.dwivedi/IdeaProjects/Master in Springboot with project by lcwd/todo-manager)
2023-05-17 13:21:34.605  INFO 13634 --- [main] com.shivam.todo.TodoManagerApplication   : No active profile set, falling back to 1 default profile: "default"
2023-05-17 13:21:35.052  INFO 13634 --- [main] .s.d.r.c.RepositoryConfigurationDelegate : Bootstrapping Spring Data JPA repositories in DEFAULT mode.
2023-05-17 13:21:35.092  INFO 13634 --- [main] .s.d.r.c.RepositoryConfigurationDelegate : Finished Spring Data repository scanning in 33 ms. Found 1 JPA repository interfaces.
2023-05-17 13:21:35.480  INFO 13634 --- [main] o.s.b.w.embedded.tomcat.TomcatWebServer  : Tomcat initialized with port(s): 7070 (http)
2023-05-17 13:21:35.488  INFO 13634 --- [main] o.apache.catalina.core.StandardService   : Starting service [Tomcat]
2023-05-17 13:21:35.488  INFO 13634 --- [main] org.apache.catalina.core.StandardEngine  : Starting Servlet engine: [Apache Tomcat/9.0.73]
2023-05-17 13:21:35.545  INFO 13634 --- [main] o.a.c.c.C.[Tomcat].[localhost].[/]       : Initializing Spring embedded WebApplicationContext
2023-05-17 13:21:35.545  INFO 13634 --- [main] w.s.c.ServletWebServerApplicationContext : Root WebApplicationContext: initialization completed in 891 ms
2023-05-17 13:21:35.669  INFO 13634 --- [main] com.zaxxer.hikari.HikariDataSource       : HikariPool-1 - Starting...
2023-05-17 13:21:35.820  INFO 13634 --- [main] com.zaxxer.hikari.HikariDataSource       : HikariPool-1 - Start completed.
2023-05-17 13:21:35.849  INFO 13634 --- [main] o.hibernate.jpa.internal.util.LogHelper  : HHH000204: Processing PersistenceUnitInfo [name: default]
2023-05-17 13:21:35.868  INFO 13634 --- [main] org.hibernate.Version                    : HHH000412: Hibernate ORM core version 5.6.15.Final
2023-05-17 13:21:35.986  INFO 13634 --- [main] o.hibernate.annotations.common.Version   : HCANN000001: Hibernate Commons Annotations {5.1.2.Final}
2023-05-17 13:21:36.082  INFO 13634 --- [main] org.hibernate.dialect.Dialect            : HHH000400: Using dialect: org.hibernate.dialect.PostgreSQL10Dialect
2023-05-17 13:21:36.391  INFO 13634 --- [main] o.h.e.t.j.p.i.JtaPlatformInitiator       : HHH000490: Using JtaPlatform implementation: [org.hibernate.engine.transaction.jta.platform.internal.NoJtaPlatform]
2023-05-17 13:21:36.400  INFO 13634 --- [main] j.LocalContainerEntityManagerFactoryBean : Initialized JPA EntityManagerFactory for persistence unit 'default'
2023-05-17 13:21:36.426  INFO 13634 --- [main] com.shivam.todo.Daos.TodoDao             : TODO Table is created 0
2023-05-17 13:21:36.693  WARN 13634 --- [main] JpaBaseConfiguration$JpaWebConfiguration : spring.jpa.open-in-view is enabled by default. Therefore, database queries may be performed during view rendering. Explicitly configure spring.jpa.open-in-view to disable this warning
2023-05-17 13:21:36.924  INFO 13634 --- [main] o.s.b.w.embedded.tomcat.TomcatWebServer  : Tomcat started on port(s): 7070 (http) with context path ''
2023-05-17 13:21:36.931  INFO 13634 --- [main] com.shivam.todo.TodoManagerApplication   : Started TodoManagerApplication in 2.655 seconds (JVM running for 2.949)
2023-05-17 13:21:52.498  INFO 13634 --- [http-nio-7070-exec-1] o.a.c.c.C.[Tomcat].[localhost].[/]       : Initializing Spring DispatcherServlet 'dispatcherServlet'
2023-05-17 13:21:52.498  INFO 13634 --- [http-nio-7070-exec-1] o.s.web.servlet.DispatcherServlet        : Initializing Servlet 'dispatcherServlet'
2023-05-17 13:21:52.499  INFO 13634 --- [http-nio-7070-exec-1] o.s.web.servlet.DispatcherServlet        : Completed initialization in 1 ms
2023-05-17 13:21:52.548  INFO 13634 --- [http-nio-7070-exec-1] c.s.todo.Controllers.ToDoController      : current date is: Wed May 17 13:21:52 IST 2023
2023-05-17 13:21:52.548  INFO 13634 --- [http-nio-7070-exec-1] c.s.todo.Controllers.ToDoController      : todo date is Wed May 17 05:30:00 IST 2023
2023-05-17 13:21:52.548  INFO 13634 --- [http-nio-7070-exec-1] c.s.todo.Controllers.ToDoController      : one todo is created
2023-05-17 13:21:52.597  INFO 13634 --- [http-nio-7070-exec-1] c.s.t.S.Implementation.TodoJPAimpl       : inserted ToDo{id=2295, title='gangajal', content=' politics', status='superhit blockbuster', simpledate=Wed May 17 13:21:52 IST 2023, jsondate=Wed May 17 05:30:00 IST 2023} 
2023-05-17 13:22:33.466  INFO 13634 --- [http-nio-7070-exec-3] c.s.todo.Controllers.ToDoController      : current date is: Wed May 17 13:22:33 IST 2023
2023-05-17 13:22:33.467  INFO 13634 --- [http-nio-7070-exec-3] c.s.todo.Controllers.ToDoController      : todo date is Wed May 17 05:30:00 IST 2023
2023-05-17 13:22:33.467  INFO 13634 --- [http-nio-7070-exec-3] c.s.todo.Controllers.ToDoController      : one todo is created
2023-05-17 13:22:33.470  INFO 13634 --- [http-nio-7070-exec-3] c.s.t.S.Implementation.TodoJPAimpl       : inserted ToDo{id=2384, title='Don', content=' suspense', status=' blockbuster', simpledate=Wed May 17 13:22:33 IST 2023, jsondate=Wed May 17 05:30:00 IST 2023} 
2023-05-17 13:24:40.699  INFO 13634 --- [SpringApplicationShutdownHook] j.LocalContainerEntityManagerFactoryBean : Closing JPA EntityManagerFactory for persistence unit 'default'
2023-05-17 13:24:40.700  INFO 13634 --- [SpringApplicationShutdownHook] com.zaxxer.hikari.HikariDataSource       : HikariPool-1 - Shutdown initiated...
2023-05-17 13:24:40.706  INFO 13634 --- [SpringApplicationShutdownHook] com.zaxxer.hikari.HikariDataSource       : HikariPool-1 - Shutdown completed.
2023-05-17 13:24:41.958  INFO 13817 --- [main] com.shivam.todo.TodoManagerApplication   : Starting TodoManagerApplication using Java 19.0.2 on del1-lhp-n82357 with PID 13817 (/home/shivam.dwivedi/IdeaProjects/Master in Springboot with project by lcwd/todo-manager/target/classes started by shivam.dwivedi in /home/shivam.dwivedi/IdeaProjects/Master in Springboot with project by lcwd/todo-manager)
2023-05-17 13:24:41.961  INFO 13817 --- [main] com.shivam.todo.TodoManagerApplication   : No active profile set, falling back to 1 default profile: "default"
2023-05-17 13:24:42.449  INFO 13817 --- [main] .s.d.r.c.RepositoryConfigurationDelegate : Bootstrapping Spring Data JPA repositories in DEFAULT mode.
2023-05-17 13:24:42.486  INFO 13817 --- [main] .s.d.r.c.RepositoryConfigurationDelegate : Finished Spring Data repository scanning in 31 ms. Found 1 JPA repository interfaces.
2023-05-17 13:24:42.879  INFO 13817 --- [main] o.s.b.w.embedded.tomcat.TomcatWebServer  : Tomcat initialized with port(s): 7070 (http)
2023-05-17 13:24:42.887  INFO 13817 --- [main] o.apache.catalina.core.StandardService   : Starting service [Tomcat]
2023-05-17 13:24:42.887  INFO 13817 --- [main] org.apache.catalina.core.StandardEngine  : Starting Servlet engine: [Apache Tomcat/9.0.73]
2023-05-17 13:24:42.943  INFO 13817 --- [main] o.a.c.c.C.[Tomcat].[localhost].[/]       : Initializing Spring embedded WebApplicationContext
2023-05-17 13:24:42.943  INFO 13817 --- [main] w.s.c.ServletWebServerApplicationContext : Root WebApplicationContext: initialization completed in 936 ms
2023-05-17 13:24:43.061  INFO 13817 --- [main] o.hibernate.jpa.internal.util.LogHelper  : HHH000204: Processing PersistenceUnitInfo [name: default]
2023-05-17 13:24:43.088  INFO 13817 --- [main] org.hibernate.Version                    : HHH000412: Hibernate ORM core version 5.6.15.Final
2023-05-17 13:24:43.171  INFO 13817 --- [main] o.hibernate.annotations.common.Version   : HCANN000001: Hibernate Commons Annotations {5.1.2.Final}
2023-05-17 13:24:43.225  INFO 13817 --- [main] com.zaxxer.hikari.HikariDataSource       : HikariPool-1 - Starting...
2023-05-17 13:24:43.389  INFO 13817 --- [main] com.zaxxer.hikari.HikariDataSource       : HikariPool-1 - Start completed.
2023-05-17 13:24:43.398  INFO 13817 --- [main] org.hibernate.dialect.Dialect            : HHH000400: Using dialect: org.hibernate.dialect.PostgreSQLDialect
2023-05-17 13:24:43.801  INFO 13817 --- [main] o.h.e.t.j.p.i.JtaPlatformInitiator       : HHH000490: Using JtaPlatform implementation: [org.hibernate.engine.transaction.jta.platform.internal.NoJtaPlatform]
2023-05-17 13:24:43.806  INFO 13817 --- [main] j.LocalContainerEntityManagerFactoryBean : Initialized JPA EntityManagerFactory for persistence unit 'default'
2023-05-17 13:24:43.834  INFO 13817 --- [main] com.shivam.todo.Daos.TodoDao             : TODO Table is created 0
2023-05-17 13:24:44.057  WARN 13817 --- [main] JpaBaseConfiguration$JpaWebConfiguration : spring.jpa.open-in-view is enabled by default. Therefore, database queries may be performed during view rendering. Explicitly configure spring.jpa.open-in-view to disable this warning
2023-05-17 13:24:44.262  INFO 13817 --- [main] o.s.b.w.embedded.tomcat.TomcatWebServer  : Tomcat started on port(s): 7070 (http) with context path ''
2023-05-17 13:24:44.269  INFO 13817 --- [main] com.shivam.todo.TodoManagerApplication   : Started TodoManagerApplication in 2.692 seconds (JVM running for 2.99)
2023-05-17 13:24:54.704  INFO 13817 --- [http-nio-7070-exec-1] o.a.c.c.C.[Tomcat].[localhost].[/]       : Initializing Spring DispatcherServlet 'dispatcherServlet'
2023-05-17 13:24:54.704  INFO 13817 --- [http-nio-7070-exec-1] o.s.web.servlet.DispatcherServlet        : Initializing Servlet 'dispatcherServlet'
2023-05-17 13:24:54.705  INFO 13817 --- [http-nio-7070-exec-1] o.s.web.servlet.DispatcherServlet        : Completed initialization in 1 ms
2023-05-17 13:24:54.749  INFO 13817 --- [http-nio-7070-exec-1] c.s.todo.Controllers.ToDoController      : current date is: Wed May 17 13:24:54 IST 2023
2023-05-17 13:24:54.749  INFO 13817 --- [http-nio-7070-exec-1] c.s.todo.Controllers.ToDoController      : todo date is Wed May 17 05:30:00 IST 2023
2023-05-17 13:24:54.750  INFO 13817 --- [http-nio-7070-exec-1] c.s.todo.Controllers.ToDoController      : one todo is created
2023-05-17 13:24:54.792  INFO 13817 --- [http-nio-7070-exec-1] c.s.t.S.Implementation.TodoJPAimpl       : inserted ToDo{id=2392, title='Don', content=' suspense', status=' blockbuster', simpledate=Wed May 17 13:24:54 IST 2023, jsondate=Wed May 17 05:30:00 IST 2023} 
2023-05-17 18:38:50.693  INFO 13817 --- [SpringApplicationShutdownHook] j.LocalContainerEntityManagerFactoryBean : Closing JPA EntityManagerFactory for persistence unit 'default'
2023-05-17 18:38:50.694  INFO 13817 --- [SpringApplicationShutdownHook] com.zaxxer.hikari.HikariDataSource       : HikariPool-1 - Shutdown initiated...
2023-05-17 18:38:50.696  INFO 13817 --- [SpringApplicationShutdownHook] com.zaxxer.hikari.HikariDataSource       : HikariPool-1 - Shutdown completed.
